<?xml version="1.0" encoding="UTF-8"?>
<testsuite name="game.TicTacToeTest" tests="3" skipped="0" failures="0" errors="0" timestamp="2014-09-05T01:42:25" hostname="Dane-PC" time="0.004">
  <properties/>
  <testcase name="testForceATie" classname="game.TicTacToeTest" time="0.003"/>
  <testcase name="testWinHorizontallyAsO" classname="game.TicTacToeTest" time="0.0"/>
  <testcase name="testWinDiagonallyAsX" classname="game.TicTacToeTest" time="0.0"/>
  <system-out><![CDATA[]]></system-out>
  <system-err><![CDATA[]]></system-err>
</testsuite>
