<?xml version="1.0" encoding="UTF-8"?>
<testsuite name="game.TicTacToeTest" tests="3" skipped="0" failures="0" errors="0" timestamp="2014-09-18T02:27:14" hostname="Dane-PC" time="0.011">
  <properties/>
  <testcase name="winDiagonallyAsX" classname="game.TicTacToeTest" time="0.01"/>
  <testcase name="forceATie" classname="game.TicTacToeTest" time="0.0"/>
  <testcase name="winHorizontallyAsO" classname="game.TicTacToeTest" time="0.0"/>
  <system-out><![CDATA[]]></system-out>
  <system-err><![CDATA[]]></system-err>
</testsuite>
